<?xml version="1.0" encoding="UTF-8"?>
<!-- Generated by org.testng.reporters.JUnitXMLReporter -->
<testsuite ignored="2" hostname="DESKTOP-0DTA44N" failures="0" tests="1" name="Default test" time="12.343" errors="0" timestamp="2023-02-07T15:11:51 EST">
  <testcase classname="com.crm.qa.testcases.LoginPageTest" name="loginPageTitleTest" time="0.295"/>
  <testcase classname="com.crm.qa.testcases.LoginPageTest" name="LoginTest" time="0.0">
    <ignored/>
  </testcase> <!-- LoginTest -->
  <testcase classname="com.crm.qa.testcases.LoginPageTest" name="CRMLogoTest" time="0.0">
    <ignored/>
  </testcase> <!-- CRMLogoTest -->
</testsuite> <!-- Default test -->
