<?xml version="1.0" encoding="UTF-8"?>
<testsuite xmlns:xsi="http://www.w3.org/2001/XMLSchema-instance" xsi:noNamespaceSchemaLocation="https://maven.apache.org/surefire/maven-surefire-plugin/xsd/surefire-test-report.xsd" name="TestSuite" time="143.639" tests="12" errors="0" skipped="0" failures="2">
  <properties>
[...]
</properties>
  <testcase name="verifyContactsPhoneLinkTest" classname="com.crm.qa.testcases.ContactsPageTest" time="0.086"/>
  <testcase name="selectContactsTest" classname="com.crm.qa.testcases.ContactsPageTest" time="10.284">
    <failure message="no such element: Unable to locate element: {&quot;method&quot;:&quot;xpath&quot;,&quot;selector&quot;:&quot;//a[text()=&apos;a a&apos;]//parent::td//preceding-sibling::td//div[@class=&apos;ui fitted read-only checkbox&apos;]&quot;}&#10;  (Session info: chrome=109.0.5414.120)&#10;For documentation on this error, please visit: https://selenium.dev/exceptions/#no_such_element&#10;Build info: version: &apos;4.8.0&apos;, revision: &apos;267030adea&apos;&#10;System info: os.name: &apos;Windows 10&apos;, os.arch: &apos;amd64&apos;, os.version: &apos;10.0&apos;, java.version: &apos;14.0.2&apos;&#10;Driver info: org.openqa.selenium.chrome.ChromeDriver&#10;Command: [479d305751e696cd9fe73f9b45601ee2, findElement {using=xpath, value=//a[text()=&apos;a a&apos;]//parent::td//preceding-sibling::td//div[@class=&apos;ui fitted read-only checkbox&apos;]}]&#10;Capabilities {acceptInsecureCerts: false, browserName: chrome, browserVersion: 109.0.5414.120, chrome: {chromedriverVersion: 108.0.5359.71 (1e0e3868ee06..., userDataDir: C:\Users\NIKUNJ~1\AppData\L...}, goog:chromeOptions: {debuggerAddress: localhost:59992}, networkConnectionEnabled: false, pageLoadStrategy: normal, platformName: WINDOWS, proxy: Proxy(), se:cdp: ws://localhost:59992/devtoo..., se:cdpVersion: 109.0.5414.120, setWindowRect: true, strictFileInteractability: false, timeouts: {implicit: 0, pageLoad: 300000, script: 30000}, unhandledPromptBehavior: dismiss and notify, webauthn:extension:credBlob: true, webauthn:extension:largeBlob: true, webauthn:virtualAuthenticators: true}&#10;Session ID: 479d305751e696cd9fe73f9b45601ee2" type="org.openqa.selenium.NoSuchElementException">org.openqa.selenium.NoSuchElementException: 
no such element: Unable to locate element: {"method":"xpath","selector":"//a[text()='a a']//parent::td//preceding-sibling::td//div[@class='ui fitted read-only checkbox']"}
  (Session info: chrome=109.0.5414.120)
For documentation on this error, please visit: https://selenium.dev/exceptions/#no_such_element
Build info: version: '4.8.0', revision: '267030adea'
System info: os.name: 'Windows 10', os.arch: 'amd64', os.version: '10.0', java.version: '14.0.2'
Driver info: org.openqa.selenium.chrome.ChromeDriver
Command: [479d305751e696cd9fe73f9b45601ee2, findElement {using=xpath, value=//a[text()='a a']//parent::td//preceding-sibling::td//div[@class='ui fitted read-only checkbox']}]
Capabilities {acceptInsecureCerts: false, browserName: chrome, browserVersion: 109.0.5414.120, chrome: {chromedriverVersion: 108.0.5359.71 (1e0e3868ee06..., userDataDir: C:\Users\NIKUNJ~1\AppData\L...}, goog:chromeOptions: {debuggerAddress: localhost:59992}, networkConnectionEnabled: false, pageLoadStrategy: normal, platformName: WINDOWS, proxy: Proxy(), se:cdp: ws://localhost:59992/devtoo..., se:cdpVersion: 109.0.5414.120, setWindowRect: true, strictFileInteractability: false, timeouts: {implicit: 0, pageLoad: 300000, script: 30000}, unhandledPromptBehavior: dismiss and notify, webauthn:extension:credBlob: true, webauthn:extension:largeBlob: true, webauthn:virtualAuthenticators: true}
Session ID: 479d305751e696cd9fe73f9b45601ee2
	at com.crm.qa.testcases.ContactsPageTest.selectContactsTest(ContactsPageTest.java:66)
</failure>
    <system-out><![CDATA[Before navigating to: 'https://ui.freecrm.com/'
Navigated to:'https://ui.freecrm.com/'
Trying to find Element By : By.name: email
Found Element By : By.name: email
Trying to find Element By : By.name: password
Found Element By : By.name: password
Trying to find Element By : By.xpath: /html[1]/body[1]/div[1]/div[1]/div[1]/form[1]/div[1]/div[3]
Found Element By : By.xpath: /html[1]/body[1]/div[1]/div[1]/div[1]/form[1]/div[1]/div[3]
Trying to click on: [[ChromeDriver: chrome on WINDOWS (479d305751e696cd9fe73f9b45601ee2)] -> xpath: /html[1]/body[1]/div[1]/div[1]/div[1]/form[1]/div[1]/div[3]]
Clicked on: [[ChromeDriver: chrome on WINDOWS (479d305751e696cd9fe73f9b45601ee2)] -> xpath: /html[1]/body[1]/div[1]/div[1]/div[1]/form[1]/div[1]/div[3]]
Trying to find Element By : By.xpath: //span[contains(text(),'Contacts')]
Found Element By : By.xpath: //span[contains(text(),'Contacts')]
Trying to click on: [[ChromeDriver: chrome on WINDOWS (479d305751e696cd9fe73f9b45601ee2)] -> xpath: //span[contains(text(),'Contacts')]]
Clicked on: [[ChromeDriver: chrome on WINDOWS (479d305751e696cd9fe73f9b45601ee2)] -> xpath: //span[contains(text(),'Contacts')]]
Trying to find Element By : By.xpath: //a[text()='a a']//parent::td//preceding-sibling::td//div[@class='ui fitted read-only checkbox']
Exception occured: org.openqa.selenium.NoSuchElementException: no such element: Unable to locate element: {"method":"xpath","selector":"//a[text()='a a']//parent::td//preceding-sibling::td//div[@class='ui fitted read-only checkbox']"}
  (Session info: chrome=109.0.5414.120)
For documentation on this error, please visit: https://selenium.dev/exceptions/#no_such_element
Build info: version: '4.8.0', revision: '267030adea'
System info: os.name: 'Windows 10', os.arch: 'amd64', os.version: '10.0', java.version: '14.0.2'
Driver info: org.openqa.selenium.chrome.ChromeDriver
Command: [479d305751e696cd9fe73f9b45601ee2, findElement {using=xpath, value=//a[text()='a a']//parent::td//preceding-sibling::td//div[@class='ui fitted read-only checkbox']}]
Capabilities {acceptInsecureCerts: false, browserName: chrome, browserVersion: 109.0.5414.120, chrome: {chromedriverVersion: 108.0.5359.71 (1e0e3868ee06..., userDataDir: C:\Users\NIKUNJ~1\AppData\L...}, goog:chromeOptions: {debuggerAddress: localhost:59992}, networkConnectionEnabled: false, pageLoadStrategy: normal, platformName: WINDOWS, proxy: Proxy(), se:cdp: ws://localhost:59992/devtoo..., se:cdpVersion: 109.0.5414.120, setWindowRect: true, strictFileInteractability: false, timeouts: {implicit: 0, pageLoad: 300000, script: 30000}, unhandledPromptBehavior: dismiss and notify, webauthn:extension:credBlob: true, webauthn:extension:largeBlob: true, webauthn:virtualAuthenticators: true}
Session ID: 479d305751e696cd9fe73f9b45601ee2
]]></system-out>
    <system-err><![CDATA[Starting ChromeDriver 108.0.5359.71 (1e0e3868ee06e91ad636a874420e3ca3ae3756ac-refs/branch-heads/5359@{#1016}) on port 29914
Only local connections are allowed.
Please see https://chromedriver.chromium.org/security-considerations for suggestions on keeping ChromeDriver safe.
ChromeDriver was started successfully.
[1675804166.091][WARNING]: This version of ChromeDriver has not been tested with Chrome version 109.
]]></system-err>
  </testcase>
  <testcase name="verifyHomePageTitleTest" classname="com.crm.qa.testcases.HomePageTest" time="0.007"/>
  <testcase name="verifyUnameTest" classname="com.crm.qa.testcases.HomePageTest" time="1.003"/>
  <testcase name="verifyContactsLinkTest" classname="com.crm.qa.testcases.HomePageTest" time="1.186"/>
  <testcase name="loginPageTitleTest" classname="com.crm.qa.testcases.LoginPageTest" time="0.034"/>
  <testcase name="CRMLogoTest" classname="com.crm.qa.testcases.LoginPageTest" time="10.19">
    <failure message="no such element: Unable to locate element: {&quot;method&quot;:&quot;xpath&quot;,&quot;selector&quot;:&quot;//div[@class=&apos;rd-navbar-panel&apos;]&quot;}&#10;  (Session info: chrome=109.0.5414.120)&#10;For documentation on this error, please visit: https://selenium.dev/exceptions/#no_such_element&#10;Build info: version: &apos;4.8.0&apos;, revision: &apos;267030adea&apos;&#10;System info: os.name: &apos;Windows 10&apos;, os.arch: &apos;amd64&apos;, os.version: &apos;10.0&apos;, java.version: &apos;14.0.2&apos;&#10;Driver info: org.openqa.selenium.chrome.ChromeDriver&#10;Command: [a88b165b3f4edbe2b714f4956f3b8846, findElement {using=xpath, value=//div[@class=&apos;rd-navbar-panel&apos;]}]&#10;Capabilities {acceptInsecureCerts: false, browserName: chrome, browserVersion: 109.0.5414.120, chrome: {chromedriverVersion: 108.0.5359.71 (1e0e3868ee06..., userDataDir: C:\Users\NIKUNJ~1\AppData\L...}, goog:chromeOptions: {debuggerAddress: localhost:60136}, networkConnectionEnabled: false, pageLoadStrategy: normal, platformName: WINDOWS, proxy: Proxy(), se:cdp: ws://localhost:60136/devtoo..., se:cdpVersion: 109.0.5414.120, setWindowRect: true, strictFileInteractability: false, timeouts: {implicit: 0, pageLoad: 300000, script: 30000}, unhandledPromptBehavior: dismiss and notify, webauthn:extension:credBlob: true, webauthn:extension:largeBlob: true, webauthn:virtualAuthenticators: true}&#10;Session ID: a88b165b3f4edbe2b714f4956f3b8846" type="org.openqa.selenium.NoSuchElementException">org.openqa.selenium.NoSuchElementException: 
no such element: Unable to locate element: {"method":"xpath","selector":"//div[@class='rd-navbar-panel']"}
  (Session info: chrome=109.0.5414.120)
For documentation on this error, please visit: https://selenium.dev/exceptions/#no_such_element
Build info: version: '4.8.0', revision: '267030adea'
System info: os.name: 'Windows 10', os.arch: 'amd64', os.version: '10.0', java.version: '14.0.2'
Driver info: org.openqa.selenium.chrome.ChromeDriver
Command: [a88b165b3f4edbe2b714f4956f3b8846, findElement {using=xpath, value=//div[@class='rd-navbar-panel']}]
Capabilities {acceptInsecureCerts: false, browserName: chrome, browserVersion: 109.0.5414.120, chrome: {chromedriverVersion: 108.0.5359.71 (1e0e3868ee06..., userDataDir: C:\Users\NIKUNJ~1\AppData\L...}, goog:chromeOptions: {debuggerAddress: localhost:60136}, networkConnectionEnabled: false, pageLoadStrategy: normal, platformName: WINDOWS, proxy: Proxy(), se:cdp: ws://localhost:60136/devtoo..., se:cdpVersion: 109.0.5414.120, setWindowRect: true, strictFileInteractability: false, timeouts: {implicit: 0, pageLoad: 300000, script: 30000}, unhandledPromptBehavior: dismiss and notify, webauthn:extension:credBlob: true, webauthn:extension:largeBlob: true, webauthn:virtualAuthenticators: true}
Session ID: a88b165b3f4edbe2b714f4956f3b8846
	at com.crm.qa.testcases.LoginPageTest.CRMLogoTest(LoginPageTest.java:57)
</failure>
    <system-out><![CDATA[Before navigating to: 'https://ui.freecrm.com/'
Navigated to:'https://ui.freecrm.com/'
Trying to find Element By : By.xpath: //div[@class='rd-navbar-panel']
Exception occured: org.openqa.selenium.NoSuchElementException: no such element: Unable to locate element: {"method":"xpath","selector":"//div[@class='rd-navbar-panel']"}
  (Session info: chrome=109.0.5414.120)
For documentation on this error, please visit: https://selenium.dev/exceptions/#no_such_element
Build info: version: '4.8.0', revision: '267030adea'
System info: os.name: 'Windows 10', os.arch: 'amd64', os.version: '10.0', java.version: '14.0.2'
Driver info: org.openqa.selenium.chrome.ChromeDriver
Command: [a88b165b3f4edbe2b714f4956f3b8846, findElement {using=xpath, value=//div[@class='rd-navbar-panel']}]
Capabilities {acceptInsecureCerts: false, browserName: chrome, browserVersion: 109.0.5414.120, chrome: {chromedriverVersion: 108.0.5359.71 (1e0e3868ee06..., userDataDir: C:\Users\NIKUNJ~1\AppData\L...}, goog:chromeOptions: {debuggerAddress: localhost:60136}, networkConnectionEnabled: false, pageLoadStrategy: normal, platformName: WINDOWS, proxy: Proxy(), se:cdp: ws://localhost:60136/devtoo..., se:cdpVersion: 109.0.5414.120, setWindowRect: true, strictFileInteractability: false, timeouts: {implicit: 0, pageLoad: 300000, script: 30000}, unhandledPromptBehavior: dismiss and notify, webauthn:extension:credBlob: true, webauthn:extension:largeBlob: true, webauthn:virtualAuthenticators: true}
Session ID: a88b165b3f4edbe2b714f4956f3b8846
]]></system-out>
    <system-err><![CDATA[Starting ChromeDriver 108.0.5359.71 (1e0e3868ee06e91ad636a874420e3ca3ae3756ac-refs/branch-heads/5359@{#1016}) on port 41797
Only local connections are allowed.
Please see https://chromedriver.chromium.org/security-considerations for suggestions on keeping ChromeDriver safe.
ChromeDriver was started successfully.
[1675804210.134][WARNING]: This version of ChromeDriver has not been tested with Chrome version 109.
]]></system-err>
  </testcase>
  <testcase name="LoginTest" classname="com.crm.qa.testcases.LoginPageTest" time="0.634"/>
  <testcase name="validateCreateNewContact" classname="com.crm.qa.testcases.NewContactTest" time="1.771"/>
  <testcase name="validateCreateNewContact" classname="com.crm.qa.testcases.NewContactTest" time="1.264"/>
  <testcase name="validateCreateNewContact" classname="com.crm.qa.testcases.NewContactTest" time="1.791"/>
  <testcase name="validateCreateNewContact" classname="com.crm.qa.testcases.NewContactTest" time="1.458"/>
</testsuite>