<?xml version="1.0" encoding="UTF-8"?>
<testng-results ignored="2" total="3" passed="1" failed="0" skipped="0">
  <reporter-output>
  </reporter-output>
  <suite started-at="2023-02-07T15:11:38 EST" name="Default suite" finished-at="2023-02-07T15:11:51 EST" duration-ms="12343">
    <groups>
    </groups>
    <test started-at="2023-02-07T15:11:38 EST" name="Default test" finished-at="2023-02-07T15:11:51 EST" duration-ms="12343">
      <class name="com.crm.qa.testcases.LoginPageTest">
        <test-method is-config="true" signature="setUp()[pri:0, instance:com.crm.qa.testcases.LoginPageTest@1807f5a7]" started-at="2023-02-07T15:11:38 EST" name="setUp" finished-at="2023-02-07T15:11:49 EST" duration-ms="11015" status="PASS">
          <reporter-output>
          </reporter-output>
        </test-method> <!-- setUp -->
        <test-method signature="loginPageTitleTest()[pri:1, instance:com.crm.qa.testcases.LoginPageTest@1807f5a7]" started-at="2023-02-07T15:11:49 EST" name="loginPageTitleTest" finished-at="2023-02-07T15:11:50 EST" duration-ms="295" status="PASS">
          <reporter-output>
          </reporter-output>
        </test-method> <!-- loginPageTitleTest -->
        <test-method is-config="true" signature="tearDown()[pri:0, instance:com.crm.qa.testcases.LoginPageTest@1807f5a7]" started-at="2023-02-07T15:11:50 EST" name="tearDown" finished-at="2023-02-07T15:11:51 EST" duration-ms="779" status="PASS">
          <reporter-output>
          </reporter-output>
        </test-method> <!-- tearDown -->
      </class> <!-- com.crm.qa.testcases.LoginPageTest -->
    </test> <!-- Default test -->
  </suite> <!-- Default suite -->
</testng-results>
